<?xml version="1.0" encoding="UTF-8"?>
<testsuite xmlns:xsi="http://www.w3.org/2001/XMLSchema-instance" xsi:noNamespaceSchemaLocation="https://maven.apache.org/surefire/maven-surefire-plugin/xsd/surefire-test-report.xsd" name="brigadeiros.BrigadeirosNiceTest" time="11.934" tests="1" errors="0" skipped="0" failures="1">
  <properties>
    <property name="sun.desktop" value="windows"/>
    <property name="awt.toolkit" value="sun.awt.windows.WToolkit"/>
    <property name="java.specification.version" value="11"/>
    <property name="sun.cpu.isalist" value="amd64"/>
    <property name="sun.jnu.encoding" value="Cp1252"/>
    <property name="java.class.path" value="C:\Users\Renato\Documents\#Roadmap\Camunda Meetup\automated-testing-of-bpmn-and-dmn-diagrams\target\test-classes;C:\Users\Renato\Documents\#Roadmap\Camunda Meetup\automated-testing-of-bpmn-and-dmn-diagrams\target\classes;C:\Users\Renato\.m2\repository\com\intuit\karate\karate-junit5\1.0.1\karate-junit5-1.0.1.jar;C:\Users\Renato\.m2\repository\com\intuit\karate\karate-core\1.0.1\karate-core-1.0.1.jar;C:\Users\Renato\.m2\repository\org\graalvm\js\js-scriptengine\21.0.0\js-scriptengine-21.0.0.jar;C:\Users\Renato\.m2\repository\org\graalvm\sdk\graal-sdk\21.0.0\graal-sdk-21.0.0.jar;C:\Users\Renato\.m2\repository\org\graalvm\js\js\21.0.0\js-21.0.0.jar;C:\Users\Renato\.m2\repository\org\graalvm\regex\regex\21.0.0\regex-21.0.0.jar;C:\Users\Renato\.m2\repository\org\graalvm\truffle\truffle-api\21.0.0\truffle-api-21.0.0.jar;C:\Users\Renato\.m2\repository\com\ibm\icu\icu4j\67.1\icu4j-67.1.jar;C:\Users\Renato\.m2\repository\ch\qos\logback\logback-classic\1.2.3\logback-classic-1.2.3.jar;C:\Users\Renato\.m2\repository\ch\qos\logback\logback-core\1.2.3\logback-core-1.2.3.jar;C:\Users\Renato\.m2\repository\org\slf4j\jcl-over-slf4j\1.7.25\jcl-over-slf4j-1.7.25.jar;C:\Users\Renato\.m2\repository\com\jayway\jsonpath\json-path\2.5.0\json-path-2.5.0.jar;C:\Users\Renato\.m2\repository\net\minidev\json-smart\2.3\json-smart-2.3.jar;C:\Users\Renato\.m2\repository\net\minidev\accessors-smart\1.2\accessors-smart-1.2.jar;C:\Users\Renato\.m2\repository\org\ow2\asm\asm\5.0.4\asm-5.0.4.jar;C:\Users\Renato\.m2\repository\info\cukes\cucumber-java\1.2.5\cucumber-java-1.2.5.jar;C:\Users\Renato\.m2\repository\info\cukes\cucumber-core\1.2.5\cucumber-core-1.2.5.jar;C:\Users\Renato\.m2\repository\org\yaml\snakeyaml\1.27\snakeyaml-1.27.jar;C:\Users\Renato\.m2\repository\de\siegmar\fastcsv\1.0.4\fastcsv-1.0.4.jar;C:\Users\Renato\.m2\repository\info\picocli\picocli\4.5.2\picocli-4.5.2.jar;C:\Users\Renato\.m2\repository\org\junit\jupiter\junit-jupiter-api\5.7.0\junit-jupiter-api-5.7.0.jar;C:\Users\Renato\.m2\repository\org\apiguardian\apiguardian-api\1.1.0\apiguardian-api-1.1.0.jar;C:\Users\Renato\.m2\repository\org\opentest4j\opentest4j\1.2.0\opentest4j-1.2.0.jar;C:\Users\Renato\.m2\repository\org\junit\platform\junit-platform-commons\1.7.0\junit-platform-commons-1.7.0.jar;C:\Users\Renato\.m2\repository\org\junit\jupiter\junit-jupiter-engine\5.7.0\junit-jupiter-engine-5.7.0.jar;C:\Users\Renato\.m2\repository\org\junit\platform\junit-platform-engine\1.7.0\junit-platform-engine-1.7.0.jar;C:\Users\Renato\.m2\repository\net\masterthought\cucumber-reporting\5.5.3\cucumber-reporting-5.5.3.jar;C:\Users\Renato\.m2\repository\com\fasterxml\jackson\core\jackson-databind\2.12.1\jackson-databind-2.12.1.jar;C:\Users\Renato\.m2\repository\com\fasterxml\jackson\core\jackson-annotations\2.12.1\jackson-annotations-2.12.1.jar;C:\Users\Renato\.m2\repository\com\fasterxml\jackson\core\jackson-core\2.12.1\jackson-core-2.12.1.jar;C:\Users\Renato\.m2\repository\com\fasterxml\jackson\datatype\jackson-datatype-jsr310\2.12.1\jackson-datatype-jsr310-2.12.1.jar;C:\Users\Renato\.m2\repository\org\apache\velocity\velocity-engine-core\2.2\velocity-engine-core-2.2.jar;C:\Users\Renato\.m2\repository\org\slf4j\slf4j-api\1.7.30\slf4j-api-1.7.30.jar;C:\Users\Renato\.m2\repository\commons-collections\commons-collections\3.2.2\commons-collections-3.2.2.jar;C:\Users\Renato\.m2\repository\joda-time\joda-time\2.10.9\joda-time-2.10.9.jar;C:\Users\Renato\.m2\repository\org\apache\commons\commons-lang3\3.11\commons-lang3-3.11.jar;C:\Users\Renato\.m2\repository\commons-io\commons-io\2.6\commons-io-2.6.jar;C:\Users\Renato\.m2\repository\org\codehaus\plexus\plexus-utils\3.3.0\plexus-utils-3.3.0.jar;C:\Users\Renato\.m2\repository\org\jsoup\jsoup\1.13.1\jsoup-1.13.1.jar;C:\Users\Renato\.m2\repository\com\googlecode\owasp-java-html-sanitizer\owasp-java-html-sanitizer\20200713.1\owasp-java-html-sanitizer-20200713.1.jar;C:\Users\Renato\.m2\repository\com\google\guava\guava\27.1-jre\guava-27.1-jre.jar;C:\Users\Renato\.m2\repository\com\google\guava\failureaccess\1.0.1\failureaccess-1.0.1.jar;C:\Users\Renato\.m2\repository\com\google\guava\listenablefuture\9999.0-empty-to-avoid-conflict-with-guava\listenablefuture-9999.0-empty-to-avoid-conflict-with-guava.jar;C:\Users\Renato\.m2\repository\com\google\code\findbugs\jsr305\3.0.2\jsr305-3.0.2.jar;C:\Users\Renato\.m2\repository\org\checkerframework\checker-qual\2.5.2\checker-qual-2.5.2.jar;C:\Users\Renato\.m2\repository\com\google\errorprone\error_prone_annotations\2.2.0\error_prone_annotations-2.2.0.jar;C:\Users\Renato\.m2\repository\com\google\j2objc\j2objc-annotations\1.1\j2objc-annotations-1.1.jar;C:\Users\Renato\.m2\repository\org\codehaus\mojo\animal-sniffer-annotations\1.17\animal-sniffer-annotations-1.17.jar;C:\Users\Renato\.m2\repository\commons-configuration\commons-configuration\1.10\commons-configuration-1.10.jar;C:\Users\Renato\.m2\repository\commons-lang\commons-lang\2.6\commons-lang-2.6.jar;C:\Users\Renato\.m2\repository\commons-logging\commons-logging\1.1.1\commons-logging-1.1.1.jar;"/>
    <property name="java.vm.vendor" value="Oracle Corporation"/>
    <property name="sun.arch.data.model" value="64"/>
    <property name="karate.env" value="e2e"/>
    <property name="user.variant" value=""/>
    <property name="java.vendor.url" value="http://java.oracle.com/"/>
    <property name="user.timezone" value="America/Sao_Paulo"/>
    <property name="java.vm.specification.version" value="11"/>
    <property name="os.name" value="Windows 10"/>
    <property name="sun.java.launcher" value="SUN_STANDARD"/>
    <property name="user.country" value="BR"/>
    <property name="sun.boot.library.path" value="C:\Program Files\Java\openjdk-11.0.2_windows-x64_bin\jdk-11.0.2\bin"/>
    <property name="sun.java.command" value="C:\Users\Renato\AppData\Local\Temp\surefire2133419650328589667\surefirebooter4177870353237321261.jar C:\Users\Renato\AppData\Local\Temp\surefire2133419650328589667 2021-05-30T01-26-04_696-jvmRun1 surefire12995981102304073620tmp surefire_0842355922292371064tmp"/>
    <property name="jdk.debug" value="release"/>
    <property name="surefire.test.class.path" value="C:\Users\Renato\Documents\#Roadmap\Camunda Meetup\automated-testing-of-bpmn-and-dmn-diagrams\target\test-classes;C:\Users\Renato\Documents\#Roadmap\Camunda Meetup\automated-testing-of-bpmn-and-dmn-diagrams\target\classes;C:\Users\Renato\.m2\repository\com\intuit\karate\karate-junit5\1.0.1\karate-junit5-1.0.1.jar;C:\Users\Renato\.m2\repository\com\intuit\karate\karate-core\1.0.1\karate-core-1.0.1.jar;C:\Users\Renato\.m2\repository\org\graalvm\js\js-scriptengine\21.0.0\js-scriptengine-21.0.0.jar;C:\Users\Renato\.m2\repository\org\graalvm\sdk\graal-sdk\21.0.0\graal-sdk-21.0.0.jar;C:\Users\Renato\.m2\repository\org\graalvm\js\js\21.0.0\js-21.0.0.jar;C:\Users\Renato\.m2\repository\org\graalvm\regex\regex\21.0.0\regex-21.0.0.jar;C:\Users\Renato\.m2\repository\org\graalvm\truffle\truffle-api\21.0.0\truffle-api-21.0.0.jar;C:\Users\Renato\.m2\repository\com\ibm\icu\icu4j\67.1\icu4j-67.1.jar;C:\Users\Renato\.m2\repository\ch\qos\logback\logback-classic\1.2.3\logback-classic-1.2.3.jar;C:\Users\Renato\.m2\repository\ch\qos\logback\logback-core\1.2.3\logback-core-1.2.3.jar;C:\Users\Renato\.m2\repository\org\slf4j\jcl-over-slf4j\1.7.25\jcl-over-slf4j-1.7.25.jar;C:\Users\Renato\.m2\repository\com\jayway\jsonpath\json-path\2.5.0\json-path-2.5.0.jar;C:\Users\Renato\.m2\repository\net\minidev\json-smart\2.3\json-smart-2.3.jar;C:\Users\Renato\.m2\repository\net\minidev\accessors-smart\1.2\accessors-smart-1.2.jar;C:\Users\Renato\.m2\repository\org\ow2\asm\asm\5.0.4\asm-5.0.4.jar;C:\Users\Renato\.m2\repository\info\cukes\cucumber-java\1.2.5\cucumber-java-1.2.5.jar;C:\Users\Renato\.m2\repository\info\cukes\cucumber-core\1.2.5\cucumber-core-1.2.5.jar;C:\Users\Renato\.m2\repository\org\yaml\snakeyaml\1.27\snakeyaml-1.27.jar;C:\Users\Renato\.m2\repository\de\siegmar\fastcsv\1.0.4\fastcsv-1.0.4.jar;C:\Users\Renato\.m2\repository\info\picocli\picocli\4.5.2\picocli-4.5.2.jar;C:\Users\Renato\.m2\repository\org\junit\jupiter\junit-jupiter-api\5.7.0\junit-jupiter-api-5.7.0.jar;C:\Users\Renato\.m2\repository\org\apiguardian\apiguardian-api\1.1.0\apiguardian-api-1.1.0.jar;C:\Users\Renato\.m2\repository\org\opentest4j\opentest4j\1.2.0\opentest4j-1.2.0.jar;C:\Users\Renato\.m2\repository\org\junit\platform\junit-platform-commons\1.7.0\junit-platform-commons-1.7.0.jar;C:\Users\Renato\.m2\repository\org\junit\jupiter\junit-jupiter-engine\5.7.0\junit-jupiter-engine-5.7.0.jar;C:\Users\Renato\.m2\repository\org\junit\platform\junit-platform-engine\1.7.0\junit-platform-engine-1.7.0.jar;C:\Users\Renato\.m2\repository\net\masterthought\cucumber-reporting\5.5.3\cucumber-reporting-5.5.3.jar;C:\Users\Renato\.m2\repository\com\fasterxml\jackson\core\jackson-databind\2.12.1\jackson-databind-2.12.1.jar;C:\Users\Renato\.m2\repository\com\fasterxml\jackson\core\jackson-annotations\2.12.1\jackson-annotations-2.12.1.jar;C:\Users\Renato\.m2\repository\com\fasterxml\jackson\core\jackson-core\2.12.1\jackson-core-2.12.1.jar;C:\Users\Renato\.m2\repository\com\fasterxml\jackson\datatype\jackson-datatype-jsr310\2.12.1\jackson-datatype-jsr310-2.12.1.jar;C:\Users\Renato\.m2\repository\org\apache\velocity\velocity-engine-core\2.2\velocity-engine-core-2.2.jar;C:\Users\Renato\.m2\repository\org\slf4j\slf4j-api\1.7.30\slf4j-api-1.7.30.jar;C:\Users\Renato\.m2\repository\commons-collections\commons-collections\3.2.2\commons-collections-3.2.2.jar;C:\Users\Renato\.m2\repository\joda-time\joda-time\2.10.9\joda-time-2.10.9.jar;C:\Users\Renato\.m2\repository\org\apache\commons\commons-lang3\3.11\commons-lang3-3.11.jar;C:\Users\Renato\.m2\repository\commons-io\commons-io\2.6\commons-io-2.6.jar;C:\Users\Renato\.m2\repository\org\codehaus\plexus\plexus-utils\3.3.0\plexus-utils-3.3.0.jar;C:\Users\Renato\.m2\repository\org\jsoup\jsoup\1.13.1\jsoup-1.13.1.jar;C:\Users\Renato\.m2\repository\com\googlecode\owasp-java-html-sanitizer\owasp-java-html-sanitizer\20200713.1\owasp-java-html-sanitizer-20200713.1.jar;C:\Users\Renato\.m2\repository\com\google\guava\guava\27.1-jre\guava-27.1-jre.jar;C:\Users\Renato\.m2\repository\com\google\guava\failureaccess\1.0.1\failureaccess-1.0.1.jar;C:\Users\Renato\.m2\repository\com\google\guava\listenablefuture\9999.0-empty-to-avoid-conflict-with-guava\listenablefuture-9999.0-empty-to-avoid-conflict-with-guava.jar;C:\Users\Renato\.m2\repository\com\google\code\findbugs\jsr305\3.0.2\jsr305-3.0.2.jar;C:\Users\Renato\.m2\repository\org\checkerframework\checker-qual\2.5.2\checker-qual-2.5.2.jar;C:\Users\Renato\.m2\repository\com\google\errorprone\error_prone_annotations\2.2.0\error_prone_annotations-2.2.0.jar;C:\Users\Renato\.m2\repository\com\google\j2objc\j2objc-annotations\1.1\j2objc-annotations-1.1.jar;C:\Users\Renato\.m2\repository\org\codehaus\mojo\animal-sniffer-annotations\1.17\animal-sniffer-annotations-1.17.jar;C:\Users\Renato\.m2\repository\commons-configuration\commons-configuration\1.10\commons-configuration-1.10.jar;C:\Users\Renato\.m2\repository\commons-lang\commons-lang\2.6\commons-lang-2.6.jar;C:\Users\Renato\.m2\repository\commons-logging\commons-logging\1.1.1\commons-logging-1.1.1.jar;"/>
    <property name="sun.cpu.endian" value="little"/>
    <property name="user.home" value="C:\Users\Renato"/>
    <property name="user.language" value="pt"/>
    <property name="java.specification.vendor" value="Oracle Corporation"/>
    <property name="java.version.date" value="2019-01-15"/>
    <property name="java.home" value="C:\Program Files\Java\openjdk-11.0.2_windows-x64_bin\jdk-11.0.2"/>
    <property name="file.separator" value="\"/>
    <property name="basedir" value="C:\Users\Renato\Documents\#Roadmap\Camunda Meetup\automated-testing-of-bpmn-and-dmn-diagrams"/>
    <property name="java.vm.compressedOopsMode" value="32-bit"/>
    <property name="line.separator" value="&#10;"/>
    <property name="java.specification.name" value="Java Platform API Specification"/>
    <property name="java.vm.specification.vendor" value="Oracle Corporation"/>
    <property name="java.awt.graphicsenv" value="sun.awt.Win32GraphicsEnvironment"/>
    <property name="surefire.real.class.path" value="C:\Users\Renato\AppData\Local\Temp\surefire2133419650328589667\surefirebooter4177870353237321261.jar"/>
    <property name="user.script" value=""/>
    <property name="sun.management.compiler" value="HotSpot 64-Bit Tiered Compilers"/>
    <property name="java.runtime.version" value="11.0.2+9"/>
    <property name="user.name" value="Renato"/>
    <property name="path.separator" value=";"/>
    <property name="os.version" value="10.0"/>
    <property name="java.runtime.name" value="OpenJDK Runtime Environment"/>
    <property name="file.encoding" value="UTF-8"/>
    <property name="java.vm.name" value="OpenJDK 64-Bit Server VM"/>
    <property name="java.vendor.version" value="18.9"/>
    <property name="localRepository" value="C:\Users\Renato\.m2\repository"/>
    <property name="java.vendor.url.bug" value="http://bugreport.java.com/bugreport/"/>
    <property name="java.io.tmpdir" value="C:\Users\Renato\AppData\Local\Temp\"/>
    <property name="java.version" value="11.0.2"/>
    <property name="user.dir" value="C:\Users\Renato\Documents\#Roadmap\Camunda Meetup\automated-testing-of-bpmn-and-dmn-diagrams"/>
    <property name="os.arch" value="amd64"/>
    <property name="java.vm.specification.name" value="Java Virtual Machine Specification"/>
    <property name="java.awt.printerjob" value="sun.awt.windows.WPrinterJob"/>
    <property name="sun.os.patch.level" value=""/>
    <property name="java.library.path" value="C:\Program Files\Java\openjdk-11.0.2_windows-x64_bin\jdk-11.0.2\bin;C:\WINDOWS\Sun\Java\bin;C:\WINDOWS\system32;C:\WINDOWS;C:\Program Files (x86)\Intel\iCLS Client\;C:\Program Files\Intel\iCLS Client\;C:\WINDOWS\system32;C:\WINDOWS;C:\WINDOWS\System32\Wbem;C:\WINDOWS\System32\WindowsPowerShell\v1.0\;C:\WINDOWS\System32\OpenSSH\;C:\Program Files (x86)\Intel\Intel(R) Management Engine Components\DAL;C:\Program Files\Intel\Intel(R) Management Engine Components\DAL;C:\Program Files (x86)\Intel\Intel(R) Management Engine Components\IPT;C:\Program Files\Intel\Intel(R) Management Engine Components\IPT;C:\Program Files\Java\openjdk-11.0.2_windows-x64_bin\jdk-11.0.2\bin;C:\Program Files\JavaDev\apache-maven-3.5.4\bin;C:\Program Files\JavaDev\apache-ant-1.9.14\bin;C:\Program Files\Git\cmd;C:\Program Files\nodejs\;C:\Program Files (x86)\yarn\bin\;C:\Users\Renato\AppData\Local\Microsoft\WindowsApps;C:\Users\Renato\AppData\Local\Programs\Microsoft VS Code\bin;C:\Users\Renato\AppData\Roaming\npm;C:\Users\Renato\AppData\Local\Yarn\bin;C:\Users\Renato\AppData\Local\GitHubDesktop\bin;."/>
    <property name="java.vendor" value="Oracle Corporation"/>
    <property name="java.vm.info" value="mixed mode"/>
    <property name="java.vm.version" value="11.0.2+9"/>
    <property name="sun.io.unicode.encoding" value="UnicodeLittle"/>
    <property name="java.class.version" value="55.0"/>
  </properties>
  <testcase name="testParallel" classname="brigadeiros.BrigadeirosNiceTest" time="11.915">
    <failure message="match failed: EQUALS&#10;  $ | not equal (STRING:STRING)&#10;  &apos;InformarPedidoAceitoTask&apos;&#10;  &apos;FabricarPedidoTask&apos;&#10;&#10;classpath:brigadeiros/features/FazerPedidoValido.feature:51 ==&gt; expected: &lt;0&gt; but was: &lt;1&gt;" type="org.opentest4j.AssertionFailedError"><![CDATA[org.opentest4j.AssertionFailedError: 
match failed: EQUALS
  $ | not equal (STRING:STRING)
  'InformarPedidoAceitoTask'
  'FabricarPedidoTask'

classpath:brigadeiros/features/FazerPedidoValido.feature:51 ==> expected: <0> but was: <1>
	at brigadeiros.BrigadeirosNiceTest.testParallel(BrigadeirosNiceTest.java:28)
]]></failure>
    <system-out><![CDATA[01:26:06.791 [main] INFO  com.intuit.karate.Runner - using system property 'karate.env': e2e
01:26:07.793 [main] INFO  com.intuit.karate.Suite - backed up existing 'target\karate-reports' dir to: target\karate-reports_1622348767791
01:26:09.701 [pool-1-thread-5] INFO  com.intuit.karate - karate.env system property was: e2e 
01:26:09.701 [pool-1-thread-2] INFO  com.intuit.karate - karate.env system property was: e2e 
01:26:09.701 [pool-1-thread-3] INFO  com.intuit.karate - karate.env system property was: e2e 
01:26:09.701 [pool-1-thread-1] INFO  com.intuit.karate - karate.env system property was: e2e 
01:26:09.701 [pool-1-thread-4] INFO  com.intuit.karate - karate.env system property was: e2e 
01:26:10.850 [pool-1-thread-2] INFO  com.intuit.karate - karate.env system property was: e2e 
01:26:10.850 [pool-1-thread-5] INFO  com.intuit.karate - karate.env system property was: e2e 
01:26:10.865 [pool-1-thread-4] INFO  com.intuit.karate - karate.env system property was: e2e 
01:26:10.897 [pool-1-thread-1] INFO  com.intuit.karate - karate.env system property was: e2e 
01:26:10.897 [pool-1-thread-3] INFO  com.intuit.karate - karate.env system property was: e2e 
01:26:10.912 [pool-1-thread-4] INFO  com.intuit.karate - karate.env system property was: e2e 
01:26:10.931 [pool-1-thread-3] INFO  com.intuit.karate - karate.env system property was: e2e 
01:26:10.939 [pool-1-thread-5] INFO  com.intuit.karate - karate.env system property was: e2e 
01:26:10.949 [pool-1-thread-4] INFO  com.intuit.karate - karate.env system property was: e2e 
01:26:10.966 [pool-1-thread-2] INFO  com.intuit.karate - karate.env system property was: e2e 
01:26:10.970 [pool-1-thread-1] INFO  com.intuit.karate - karate.env system property was: e2e 
01:26:10.994 [pool-1-thread-3] INFO  com.intuit.karate - karate.env system property was: e2e 
01:26:11.018 [pool-1-thread-1] INFO  com.intuit.karate - karate.env system property was: e2e 
01:26:11.033 [pool-1-thread-2] INFO  com.intuit.karate - karate.env system property was: e2e 
01:26:11.049 [pool-1-thread-3] INFO  com.intuit.karate - karate.env system property was: e2e 
01:26:11.049 [pool-1-thread-1] INFO  com.intuit.karate - karate.env system property was: e2e 
01:26:11.064 [pool-1-thread-5] INFO  com.intuit.karate - karate.env system property was: e2e 
01:26:11.080 [pool-1-thread-2] INFO  com.intuit.karate - karate.env system property was: e2e 
01:26:11.096 [pool-1-thread-4] INFO  com.intuit.karate - karate.env system property was: e2e 
01:26:11.363 [pool-1-thread-3] INFO  com.intuit.karate - karate.env system property was: e2e 
01:26:11.389 [pool-1-thread-1] INFO  com.intuit.karate - karate.env system property was: e2e 
01:26:11.408 [pool-1-thread-4] INFO  com.intuit.karate - karate.env system property was: e2e 
01:26:11.422 [pool-1-thread-2] INFO  com.intuit.karate - karate.env system property was: e2e 
01:26:11.431 [pool-1-thread-3] INFO  com.intuit.karate - karate.env system property was: e2e 
01:26:11.445 [pool-1-thread-1] INFO  com.intuit.karate - karate.env system property was: e2e 
01:26:11.453 [pool-1-thread-4] INFO  com.intuit.karate - karate.env system property was: e2e 
01:26:11.472 [pool-1-thread-5] INFO  com.intuit.karate - karate.env system property was: e2e 
01:26:11.484 [pool-1-thread-1] INFO  com.intuit.karate - karate.env system property was: e2e 
01:26:11.505 [pool-1-thread-3] INFO  com.intuit.karate - karate.env system property was: e2e 
01:26:11.612 [pool-1-thread-2] INFO  com.intuit.karate - karate.env system property was: e2e 
01:26:12.029 [pool-1-thread-3] INFO  com.intuit.karate - karate.env system property was: e2e 
01:26:12.071 [pool-1-thread-1] INFO  com.intuit.karate - karate.env system property was: e2e 
01:26:12.077 [pool-1-thread-2] INFO  com.intuit.karate - karate.env system property was: e2e 
01:26:12.149 [pool-1-thread-5] INFO  com.intuit.karate - [print] idInstancia: 29c5bbf5-c0ff-11eb-bfa3-6432a88054ea 
01:26:12.155 [pool-1-thread-5] INFO  com.intuit.karate - [print] numeroPedido: 348771854 
01:26:12.227 [pool-1-thread-5] ERROR com.intuit.karate - classpath:brigadeiros/features/FazerPedidoValido.feature:51
And match $[0].taskDefinitionKey == 'FabricarPedidoTask'
match failed: EQUALS
  $ | not equal (STRING:STRING)
  'InformarPedidoAceitoTask'
  'FabricarPedidoTask'

classpath:brigadeiros/features/FazerPedidoValido.feature:51
01:26:12.244 [pool-1-thread-5] INFO  com.intuit.karate - karate.env system property was: e2e 
01:26:12.298 [pool-1-thread-4] INFO  com.intuit.karate - [print] idInstancia: 29c56dc6-c0ff-11eb-bfa3-6432a88054ea 
01:26:12.300 [pool-1-thread-4] INFO  com.intuit.karate - [print] numeroPedido: 348771842 
01:26:12.350 [pool-1-thread-4] INFO  com.intuit.karate - karate.env system property was: e2e 
01:26:12.622 [pool-1-thread-5] INFO  com.intuit.karate - karate.env system property was: e2e 
01:26:12.651 [pool-1-thread-4] INFO  com.intuit.karate - karate.env system property was: e2e 
01:26:12.688 [pool-1-thread-2] INFO  com.intuit.karate - karate.env system property was: e2e 
01:26:12.723 [pool-1-thread-3] INFO  com.intuit.karate - karate.env system property was: e2e 
01:26:12.805 [pool-1-thread-1] INFO  com.intuit.karate - karate.env system property was: e2e 
01:26:12.912 [pool-1-thread-3] INFO  com.intuit.karate - karate.env system property was: e2e 
01:26:13.096 [pool-1-thread-4] INFO  com.intuit.karate - karate.env system property was: e2e 
01:26:13.110 [pool-1-thread-5] INFO  com.intuit.karate - karate.env system property was: e2e 
01:26:13.120 [pool-1-thread-2] INFO  com.intuit.karate - karate.env system property was: e2e 
01:26:13.169 [pool-1-thread-1] INFO  com.intuit.karate - karate.env system property was: e2e 
---------------------------------------------------------
feature: classpath:brigadeiros/features/AvaliarPedidoValido.feature
scenarios: 18 | passed: 18 | failed:  0 | time: 5,9513
---------------------------------------------------------

01:26:14.947 [pool-2-thread-1] INFO  com.intuit.karate.Suite - <<pass>> feature 1 of 5 (4 remaining) classpath:brigadeiros/features/AvaliarPedidoValido.feature
---------------------------------------------------------
feature: classpath:brigadeiros/features/AvaliarValorPedido.feature
scenarios: 12 | passed: 12 | failed:  0 | time: 0,8287
---------------------------------------------------------

01:26:15.330 [pool-2-thread-1] INFO  com.intuit.karate.Suite - <<pass>> feature 2 of 5 (3 remaining) classpath:brigadeiros/features/AvaliarValorPedido.feature
---------------------------------------------------------
feature: classpath:brigadeiros/features/FazerPedidoInvalido.feature
scenarios:  1 | passed:  1 | failed:  0 | time: 0,8844
---------------------------------------------------------

01:26:15.545 [pool-2-thread-1] INFO  com.intuit.karate.Suite - <<pass>> feature 3 of 5 (2 remaining) classpath:brigadeiros/features/FazerPedidoInvalido.feature
---------------------------------------------------------
feature: classpath:brigadeiros/features/FazerPedidoValido.feature
scenarios:  1 | passed:  0 | failed:  1 | time: 0,7516
---------------------------------------------------------

01:26:15.758 [pool-2-thread-1] INFO  com.intuit.karate.Suite - <<fail>> feature 4 of 5 (1 remaining) classpath:brigadeiros/features/FazerPedidoValido.feature
---------------------------------------------------------
feature: classpath:brigadeiros/features/NegociarPedido.feature
scenarios: 18 | passed: 18 | failed:  0 | time: 6,9266
---------------------------------------------------------

01:26:16.306 [pool-2-thread-1] INFO  com.intuit.karate.Suite - <<pass>> feature 5 of 5 (0 remaining) classpath:brigadeiros/features/NegociarPedido.feature
Karate version: 1.0.1
======================================================
elapsed:   9,53 | threads:    5 | thread time: 15,34 
features:     5 | skipped:    0 | efficiency: 0,32
scenarios:   50 | passed:    49 | failed: 1
======================================================
>>> failed features:
match failed: EQUALS
  $ | not equal (STRING:STRING)
  'InformarPedidoAceitoTask'
  'FabricarPedidoTask'

classpath:brigadeiros/features/FazerPedidoValido.feature:51
<<<

HTML report: (paste into browser to view) | Karate version: 1.0.1
file:///C:/Users/Renato/Documents/%23Roadmap/Camunda%20Meetup/automated-testing-of-bpmn-and-dmn-diagrams/target/karate-reports/karate-summary.html
===================================================================

]]></system-out>
    <system-err><![CDATA[May 30, 2021 1:26:16 AM net.masterthought.cucumber.ReportParser parseJsonFiles
INFO: File 'C:\Users\Renato\Documents\#Roadmap\Camunda Meetup\automated-testing-of-bpmn-and-dmn-diagrams\target\karate-reports\brigadeiros.features.AvaliarPedidoValido.json' contains 1 features
May 30, 2021 1:26:17 AM net.masterthought.cucumber.ReportParser parseJsonFiles
INFO: File 'C:\Users\Renato\Documents\#Roadmap\Camunda Meetup\automated-testing-of-bpmn-and-dmn-diagrams\target\karate-reports\brigadeiros.features.AvaliarValorPedido.json' contains 1 features
May 30, 2021 1:26:17 AM net.masterthought.cucumber.ReportParser parseJsonFiles
INFO: File 'C:\Users\Renato\Documents\#Roadmap\Camunda Meetup\automated-testing-of-bpmn-and-dmn-diagrams\target\karate-reports\brigadeiros.features.FazerPedidoInvalido.json' contains 1 features
May 30, 2021 1:26:17 AM net.masterthought.cucumber.ReportParser parseJsonFiles
INFO: File 'C:\Users\Renato\Documents\#Roadmap\Camunda Meetup\automated-testing-of-bpmn-and-dmn-diagrams\target\karate-reports\brigadeiros.features.FazerPedidoValido.json' contains 1 features
May 30, 2021 1:26:17 AM net.masterthought.cucumber.ReportParser parseJsonFiles
INFO: File 'C:\Users\Renato\Documents\#Roadmap\Camunda Meetup\automated-testing-of-bpmn-and-dmn-diagrams\target\karate-reports\brigadeiros.features.NegociarPedido.json' contains 1 features
]]></system-err>
  </testcase>
</testsuite>